2026-01-09 14:19:52 - ArknightsETL - INFO - Configuration:
2026-01-09 14:19:52 - ArknightsETL - INFO - Configuration:
2026-01-09 14:19:52 - ArknightsETL - INFO -   Database: db.uwykuxiuytgqfwlzlmlf.supabase.co:5432/postgres
2026-01-09 14:19:52 - ArknightsETL - INFO -   Database: db.uwykuxiuytgqfwlzlmlf.supabase.co:5432/postgres
2026-01-09 14:19:52 - ArknightsETL - INFO -   Data Directory: C:\Users\rugsn\Documents\GitHub\Arknight-BE
2026-01-09 14:19:52 - ArknightsETL - INFO -   Data Directory: C:\Users\rugsn\Documents\GitHub\Arknight-BE
2026-01-09 14:19:52 - ArknightsETL - INFO -   Batch Size: 500
2026-01-09 14:19:52 - ArknightsETL - INFO -   Batch Size: 500
2026-01-09 14:19:52 - ArknightsETL - INFO - ============================================================
2026-01-09 14:19:52 - ArknightsETL - INFO - ============================================================
2026-01-09 14:19:52 - ArknightsETL - INFO - Starting Arknights ETL Pipeline
2026-01-09 14:19:52 - ArknightsETL - INFO - Starting Arknights ETL Pipeline
2026-01-09 14:19:52 - ArknightsETL - INFO - ============================================================
2026-01-09 14:19:52 - ArknightsETL - INFO - ============================================================
2026-01-09 14:19:52 - ArknightsETL - INFO - Step 1: Loading JSON files...
2026-01-09 14:19:52 - ArknightsETL - INFO - Step 1: Loading JSON files...
2026-01-09 14:19:52 - ArknightsETL - ERROR - Failed to load range_table.json: JSON file not found: C:\Users\rugsn\Documents\GitHub\Arknight-BE\range_table.json
2026-01-09 14:19:52 - ArknightsETL - ERROR - Failed to load range_table.json: JSON file not found: C:\Users\rugsn\Documents\GitHub\Arknight-BE\range_table.json
2026-01-09 14:19:52 - ArknightsETL - ERROR - ETL Pipeline failed: JSON file not found: C:\Users\rugsn\Documents\GitHub\Arknight-BE\range_table.json
Traceback (most recent call last):
  File "c:\Users\rugsn\Documents\GitHub\Arknight-BE\sql\arknights_etl.py", line 759, in run
    json_data = self.load_json_files()
  File "c:\Users\rugsn\Documents\GitHub\Arknight-BE\sql\arknights_etl.py", line 722, in load_json_files
    data[key] = self.json_loader.load_json(file_path)
                ~~~~~~~~~~~~~~~~~~~~~~~~~~^^^^^^^^^^^
  File "c:\Users\rugsn\Documents\GitHub\Arknight-BE\sql\arknights_etl.py", line 269, in load_json
    raise FileNotFoundError(f"JSON file not found: {file_path}")
FileNotFoundError: JSON file not found: C:\Users\rugsn\Documents\GitHub\Arknight-BE\range_table.json
2026-01-09 14:19:52 - ArknightsETL - ERROR - ETL Pipeline failed: JSON file not found: C:\Users\rugsn\Documents\GitHub\Arknight-BE\range_table.json
Traceback (most recent call last):
  File "c:\Users\rugsn\Documents\GitHub\Arknight-BE\sql\arknights_etl.py", line 759, in run
    json_data = self.load_json_files()
  File "c:\Users\rugsn\Documents\GitHub\Arknight-BE\sql\arknights_etl.py", line 722, in load_json_files
    data[key] = self.json_loader.load_json(file_path)
                ~~~~~~~~~~~~~~~~~~~~~~~~~~^^^^^^^^^^^
  File "c:\Users\rugsn\Documents\GitHub\Arknight-BE\sql\arknights_etl.py", line 269, in load_json
    raise FileNotFoundError(f"JSON file not found: {file_path}")
FileNotFoundError: JSON file not found: C:\Users\rugsn\Documents\GitHub\Arknight-BE\range_table.json
2026-01-09 14:19:52 - ArknightsETL - ERROR - 
❌ ETL failed: JSON file not found: C:\Users\rugsn\Documents\GitHub\Arknight-BE\range_table.json
2026-01-09 14:19:52 - ArknightsETL - ERROR - 
❌ ETL failed: JSON file not found: C:\Users\rugsn\Documents\GitHub\Arknight-BE\range_table.json
